<?xml version="1.0" encoding="UTF-8"?>
<testsuite xmlns:xsi="http://www.w3.org/2001/XMLSchema-instance" xsi:noNamespaceSchemaLocation="https://maven.apache.org/surefire/maven-surefire-plugin/xsd/surefire-test-report-3.0.xsd" version="3.0" name="org.apache.bookkeeper.bookie.storage.ldb.WriteCacheTest" time="0.471" tests="2" errors="0" skipped="0" failures="0">
  <properties>
[...]
</properties>
  <testcase name="testForDeleteAndGet[0]" classname="org.apache.bookkeeper.bookie.storage.ldb.WriteCacheTest" time="0.029"/>
  <testcase name="create_Clear_Delete_Test[0]" classname="org.apache.bookkeeper.bookie.storage.ldb.WriteCacheTest" time="0.021"/>
</testsuite>