<?xml version="1.0" encoding="UTF-8"?>
<testsuite xmlns:xsi="http://www.w3.org/2001/XMLSchema-instance" xsi:noNamespaceSchemaLocation="https://maven.apache.org/surefire/maven-surefire-plugin/xsd/surefire-test-report-3.0.xsd" version="3.0" name="org.apache.bookkeeper.tools.cli.commands.bookie.ReadLogCommandTest" time="3.216" tests="4" errors="0" skipped="0" failures="0">
  <properties>
[...]
</properties>
  <testcase name="testWithoutAnyFlags" classname="org.apache.bookkeeper.tools.cli.commands.bookie.ReadLogCommandTest" time="1.681"/>
  <testcase name="testWithEntryId" classname="org.apache.bookkeeper.tools.cli.commands.bookie.ReadLogCommandTest" time="0.024"/>
  <testcase name="testWithEntryFilename" classname="org.apache.bookkeeper.tools.cli.commands.bookie.ReadLogCommandTest" time="0.018"/>
  <testcase name="testWithErrorPos" classname="org.apache.bookkeeper.tools.cli.commands.bookie.ReadLogCommandTest" time="0.019"/>
</testsuite>